SF:lib/common/exception.dart
DA:6,4
LF:1
LH:1
end_of_record
SF:lib/data/datasources/tv_series_remote_data_source.dart
DA:28,1
DA:30,1
DA:32,1
DA:33,1
DA:36,0
DA:39,1
DA:41,1
DA:43,2
DA:45,2
DA:46,4
DA:48,1
DA:52,1
DA:54,1
DA:56,3
DA:58,2
DA:59,3
DA:61,1
DA:65,1
DA:67,1
DA:69,3
DA:71,2
DA:72,4
DA:74,1
DA:78,1
DA:80,1
DA:82,2
DA:84,2
DA:85,4
DA:87,1
DA:91,1
DA:93,1
DA:95,2
DA:97,2
DA:98,4
DA:100,1
DA:104,1
DA:106,1
DA:108,3
DA:110,2
DA:111,4
DA:113,1
LF:41
LH:40
end_of_record
SF:lib/data/models/tv_series/tv_series_detail_model.dart
DA:20,2
DA:37,1
DA:38,1
DA:39,1
DA:40,1
DA:41,1
DA:42,1
DA:43,0
DA:44,1
DA:45,1
DA:46,1
DA:47,0
DA:48,1
DA:49,1
DA:50,1
DA:51,2
DA:52,1
DA:53,1
DA:55,0
DA:56,1
DA:57,2
DA:58,1
DA:62,0
DA:63,0
DA:64,0
DA:66,0
DA:67,0
DA:68,0
DA:69,0
DA:70,0
DA:71,0
DA:72,0
DA:73,0
DA:74,0
DA:75,0
DA:77,0
DA:78,0
DA:79,0
DA:80,0
DA:83,1
DA:84,1
DA:85,1
DA:86,1
DA:87,1
DA:88,1
DA:89,1
DA:90,1
DA:91,1
DA:92,1
DA:93,1
DA:94,1
DA:95,1
DA:96,1
DA:97,1
DA:98,1
DA:102,1
DA:103,1
DA:104,1
DA:105,1
DA:106,1
DA:107,1
DA:108,1
DA:109,1
DA:110,1
DA:111,1
DA:112,1
DA:113,1
DA:114,1
DA:115,1
DA:116,1
DA:117,1
LF:71
LH:51
end_of_record
SF:lib/data/models/tv_series/tv_series_response.dart
DA:7,2
DA:9,2
DA:10,2
DA:11,4
DA:12,6
DA:13,6
DA:16,2
DA:17,5
DA:20,1
DA:21,2
LF:10
LH:10
end_of_record
SF:lib/common/failure.dart
DA:6,10
DA:8,2
DA:9,4
DA:13,20
DA:17,4
DA:21,4
LF:6
LH:6
end_of_record
SF:lib/data/datasources/db/database_helper.dart
DA:9,0
DA:13,0
DA:17,0
DA:19,0
DA:26,0
DA:27,0
DA:28,0
DA:30,0
DA:34,0
DA:35,0
DA:46,0
DA:47,0
DA:48,0
DA:49,0
DA:50,0
DA:53,0
DA:54,0
DA:55,0
DA:56,0
DA:57,0
DA:60,0
DA:61,0
DA:62,0
DA:65,0
DA:69,0
DA:70,0
DA:71,0
DA:74,0
DA:78,0
DA:79,0
DA:80,0
DA:83,0
DA:86,0
DA:87,0
DA:93,0
DA:94,0
DA:95,0
DA:98,0
DA:101,0
DA:102,0
DA:108,0
DA:109,0
DA:110,0
DA:113,0
DA:119,0
DA:120,0
DA:121,0
DA:124,0
LF:48
LH:0
end_of_record
SF:lib/data/datasources/movie_local_data_source.dart
DA:15,1
DA:17,1
DA:20,2
DA:23,2
DA:27,1
DA:30,2
DA:33,2
DA:37,1
DA:39,2
DA:41,1
DA:47,1
DA:49,2
DA:50,4
LF:13
LH:13
end_of_record
SF:lib/data/datasources/movie_remote_data_source.dart
DA:30,1
DA:32,1
DA:33,1
DA:34,1
DA:37,0
DA:40,1
DA:42,1
DA:44,2
DA:46,2
DA:47,4
DA:49,1
DA:53,1
DA:55,1
DA:57,3
DA:59,2
DA:60,3
DA:62,1
DA:66,1
DA:68,1
DA:70,3
DA:72,2
DA:73,4
DA:75,1
DA:79,1
DA:81,1
DA:83,2
DA:85,2
DA:86,4
DA:88,1
DA:92,1
DA:94,1
DA:96,2
DA:98,2
DA:99,4
DA:101,1
DA:105,1
DA:107,1
DA:109,3
DA:111,2
DA:112,4
DA:114,1
LF:41
LH:40
end_of_record
SF:lib/data/datasources/tv_series_local_data_source.dart
DA:15,1
DA:17,1
DA:20,2
DA:23,2
DA:27,1
DA:30,2
DA:33,2
DA:37,1
DA:39,2
DA:41,1
DA:47,1
DA:49,2
DA:50,4
LF:13
LH:13
end_of_record
SF:lib/data/models/movie/movie_detail_model.dart
DA:6,2
DA:52,1
DA:53,1
DA:54,1
DA:55,1
DA:56,1
DA:57,1
DA:58,4
DA:59,1
DA:60,1
DA:61,1
DA:62,1
DA:63,1
DA:64,1
DA:65,2
DA:66,1
DA:67,1
DA:68,1
DA:69,1
DA:70,1
DA:71,1
DA:72,1
DA:73,1
DA:74,2
DA:75,1
DA:78,0
DA:79,0
DA:80,0
DA:81,0
DA:82,0
DA:83,0
DA:84,0
DA:85,0
DA:86,0
DA:87,0
DA:88,0
DA:89,0
DA:90,0
DA:91,0
DA:92,0
DA:93,0
DA:94,0
DA:95,0
DA:96,0
DA:97,0
DA:98,0
DA:99,0
DA:102,1
DA:103,1
DA:104,1
DA:105,1
DA:106,5
DA:107,1
DA:108,1
DA:109,1
DA:110,1
DA:111,1
DA:112,1
DA:113,1
DA:114,1
DA:115,1
DA:119,1
DA:121,1
DA:122,1
DA:123,1
DA:124,1
DA:125,1
DA:126,1
DA:127,1
DA:128,1
DA:129,1
DA:130,1
DA:131,1
DA:132,1
DA:133,1
DA:134,1
DA:135,1
DA:136,1
DA:137,1
DA:138,1
DA:139,1
DA:140,1
DA:141,1
DA:142,1
LF:84
LH:62
end_of_record
SF:lib/data/models/movie/movie_model.dart
DA:5,4
DA:35,4
DA:36,2
DA:37,2
DA:38,8
DA:39,2
DA:40,2
DA:41,2
DA:42,4
DA:43,2
DA:44,2
DA:45,2
DA:46,2
DA:47,4
DA:48,2
DA:51,2
DA:52,1
DA:53,1
DA:54,4
DA:55,1
DA:56,1
DA:57,1
DA:58,1
DA:59,1
DA:60,1
DA:61,1
DA:62,1
DA:63,1
DA:64,1
DA:67,2
DA:68,2
DA:69,2
DA:70,2
DA:71,2
DA:72,2
DA:73,2
DA:74,2
DA:75,2
DA:76,2
DA:77,2
DA:78,2
DA:79,2
DA:80,2
DA:81,2
DA:85,2
DA:86,2
DA:87,2
DA:88,2
DA:89,2
DA:90,2
DA:91,2
DA:92,2
DA:93,2
DA:94,2
DA:95,2
DA:96,2
DA:97,2
DA:98,2
DA:99,2
LF:59
LH:59
end_of_record
SF:lib/data/models/movie/movie_table.dart
DA:11,2
DA:18,2
DA:19,1
DA:20,1
DA:21,1
DA:22,1
DA:25,2
DA:26,1
DA:27,1
DA:28,1
DA:29,1
DA:32,0
DA:33,0
DA:34,0
DA:35,0
DA:36,0
DA:39,2
DA:40,1
DA:41,1
DA:42,1
DA:43,1
DA:46,2
DA:48,10
LF:23
LH:18
end_of_record
SF:lib/data/models/tv_series/tv_series_model.dart
DA:20,4
DA:37,1
DA:40,2
DA:41,1
DA:42,1
DA:48,4
DA:49,2
DA:50,2
DA:51,2
DA:52,0
DA:53,8
DA:54,2
DA:55,2
DA:56,1
DA:57,3
DA:58,2
DA:59,2
DA:60,2
DA:61,4
DA:62,2
DA:63,5
DA:65,2
DA:66,2
DA:67,4
DA:68,2
DA:71,2
DA:72,1
DA:73,1
DA:75,5
DA:76,1
DA:77,1
DA:78,0
DA:79,3
DA:80,1
DA:81,1
DA:82,1
DA:83,1
DA:84,1
DA:86,13
DA:87,1
DA:88,1
DA:89,1
DA:92,2
DA:93,2
DA:94,2
DA:95,2
DA:96,2
DA:97,2
DA:98,2
DA:99,2
DA:100,2
DA:101,2
DA:102,2
DA:103,2
DA:104,2
DA:105,2
DA:106,2
DA:107,2
DA:111,2
DA:112,2
DA:113,2
DA:114,2
DA:115,2
DA:116,2
DA:117,2
DA:118,2
DA:119,2
DA:120,2
DA:121,2
DA:122,2
DA:123,2
DA:124,2
DA:125,2
DA:126,2
LF:74
LH:72
end_of_record
SF:lib/data/models/tv_series/tv_series_table.dart
DA:11,2
DA:18,2
DA:19,1
DA:20,1
DA:21,1
DA:22,1
DA:25,2
DA:26,1
DA:27,1
DA:28,1
DA:29,1
DA:32,0
DA:33,0
DA:34,0
DA:35,0
DA:36,0
DA:39,2
DA:40,1
DA:41,1
DA:42,1
DA:43,1
DA:46,2
DA:48,10
LF:23
LH:18
end_of_record
SF:lib/domain/entities/movie.dart
DA:4,8
DA:20,1
DA:41,6
DA:42,6
DA:43,6
DA:44,6
DA:45,6
DA:46,6
DA:47,6
DA:48,6
DA:49,6
DA:50,6
DA:51,6
DA:52,6
DA:53,6
DA:54,6
DA:55,6
LF:17
LH:17
end_of_record
SF:lib/domain/entities/movie_detail.dart
DA:5,6
DA:33,2
DA:34,2
DA:35,2
DA:36,2
DA:37,2
DA:38,2
DA:39,2
DA:40,2
DA:41,2
DA:42,2
DA:43,2
DA:44,2
DA:45,2
LF:14
LH:14
end_of_record
SF:lib/domain/entities/tv_series.dart
DA:4,8
DA:22,1
DA:46,6
DA:47,6
DA:48,6
DA:49,6
DA:50,6
DA:51,6
DA:52,6
DA:53,6
DA:54,6
DA:55,6
DA:56,6
DA:57,6
DA:58,6
DA:59,6
DA:60,6
DA:61,6
LF:18
LH:18
end_of_record
SF:lib/domain/entities/tv_series_detail.dart
DA:19,6
DA:36,2
DA:37,2
DA:38,2
DA:39,2
DA:40,2
DA:41,2
DA:42,2
DA:43,2
DA:44,2
DA:45,2
DA:46,2
DA:47,2
DA:48,2
DA:49,2
DA:50,2
DA:51,2
LF:17
LH:17
end_of_record
SF:lib/common/constants.dart
DA:17,6
DA:21,12
DA:23,0
DA:25,0
DA:29,0
DA:30,0
DA:31,0
DA:32,0
DA:33,0
DA:36,0
DA:37,0
LF:11
LH:2
end_of_record
SF:lib/common/network.dart
DA:8,0
DA:9,0
DA:10,0
DA:11,0
DA:15,0
DA:16,0
DA:17,0
DA:22,0
DA:23,0
DA:24,0
DA:25,0
DA:26,0
DA:30,0
LF:13
LH:0
end_of_record
SF:lib/data/models/movie/movie_response.dart
DA:7,2
DA:9,4
DA:10,4
DA:11,6
DA:12,6
DA:15,2
DA:16,5
DA:19,1
DA:20,2
LF:9
LH:9
end_of_record
SF:lib/data/models/genre_model.dart
DA:5,2
DA:13,2
DA:14,1
DA:15,1
DA:18,0
DA:19,0
DA:20,0
DA:23,1
DA:24,3
DA:27,1
DA:28,3
LF:11
LH:8
end_of_record
SF:lib/domain/entities/genre.dart
DA:4,6
DA:12,2
DA:13,6
LF:3
LH:3
end_of_record
SF:lib/data/repositories/movie_repository_impl.dart
DA:17,1
DA:22,1
DA:25,2
DA:26,5
DA:27,1
DA:28,2
DA:29,1
DA:30,2
DA:34,1
DA:37,2
DA:38,2
DA:39,1
DA:40,2
DA:41,1
DA:42,2
DA:46,1
DA:49,2
DA:50,3
DA:51,1
DA:52,2
DA:53,1
DA:54,2
DA:58,1
DA:61,2
DA:62,5
DA:63,1
DA:64,2
DA:65,1
DA:66,2
DA:70,1
DA:73,2
DA:74,5
DA:75,1
DA:76,2
DA:77,1
DA:78,2
DA:82,1
DA:85,2
DA:86,5
DA:87,1
DA:88,2
DA:89,1
DA:90,2
DA:94,1
DA:98,3
DA:99,1
DA:100,1
DA:101,3
DA:107,1
DA:111,3
DA:112,1
DA:113,1
DA:114,3
DA:118,1
DA:120,2
DA:124,1
DA:126,2
DA:127,5
LF:58
LH:58
end_of_record
SF:lib/data/repositories/tv_series_respository_impl.dart
DA:17,1
DA:22,1
DA:25,2
DA:26,5
DA:27,1
DA:28,2
DA:29,1
DA:30,2
DA:34,1
DA:37,2
DA:38,2
DA:39,1
DA:40,2
DA:41,1
DA:42,2
DA:46,1
DA:50,2
DA:51,3
DA:52,1
DA:53,2
DA:54,1
DA:55,2
DA:59,1
DA:62,2
DA:63,5
DA:64,1
DA:65,2
DA:66,1
DA:67,2
DA:71,1
DA:74,2
DA:75,5
DA:76,1
DA:77,2
DA:78,1
DA:79,2
DA:83,1
DA:86,2
DA:87,5
DA:88,1
DA:89,2
DA:90,1
DA:91,2
DA:95,1
DA:98,1
DA:99,2
DA:100,1
DA:101,1
DA:102,3
DA:108,1
DA:111,1
DA:112,2
DA:113,1
DA:114,1
DA:115,3
DA:119,1
DA:121,2
DA:125,1
DA:127,2
DA:128,5
LF:60
LH:60
end_of_record
SF:lib/domain/usecases/get_top_rated_movies.dart
DA:9,1
DA:11,1
DA:12,2
LF:3
LH:3
end_of_record
SF:lib/domain/usecases/save_watchlist.dart
DA:9,1
DA:11,1
DA:12,2
LF:3
LH:3
end_of_record
SF:lib/domain/usecases/get_movie_detail.dart
DA:9,1
DA:11,1
DA:12,2
LF:3
LH:3
end_of_record
SF:lib/domain/usecases/tv_series/remove_watchlist_tv_series.dart
DA:9,1
DA:11,1
DA:12,2
LF:3
LH:3
end_of_record
SF:lib/domain/usecases/tv_series/save_watchlist_tv_series.dart
DA:9,1
DA:11,1
DA:12,2
LF:3
LH:3
end_of_record
SF:lib/domain/usecases/tv_series/search_tv_series.dart
DA:9,1
DA:11,1
DA:12,2
LF:3
LH:3
end_of_record
SF:lib/domain/usecases/tv_series/get_tv_series_detail.dart
DA:9,1
DA:11,1
DA:12,2
LF:3
LH:3
end_of_record
SF:lib/domain/usecases/tv_series/get_tv_series_recommendations.dart
DA:9,1
DA:11,1
DA:12,2
LF:3
LH:3
end_of_record
SF:lib/domain/usecases/tv_series/get_watchlist_tv_series.dart
DA:9,1
DA:11,1
DA:12,2
LF:3
LH:3
end_of_record
SF:lib/domain/usecases/tv_series/get_now_playing_tv_series.dart
DA:9,1
DA:11,1
DA:12,2
LF:3
LH:3
end_of_record
SF:lib/domain/usecases/tv_series/get_top_rated_tv_series.dart
DA:9,1
DA:11,1
DA:12,2
LF:3
LH:3
end_of_record
SF:lib/domain/usecases/tv_series/get_popular_tv_series.dart
DA:9,1
DA:11,1
DA:12,2
LF:3
LH:3
end_of_record
SF:lib/domain/usecases/get_movie_recommendations.dart
DA:9,1
DA:11,1
DA:12,2
LF:3
LH:3
end_of_record
SF:lib/domain/usecases/get_watchlist_movies.dart
DA:9,1
DA:11,1
DA:12,2
LF:3
LH:3
end_of_record
SF:lib/domain/usecases/get_now_playing_movies.dart
DA:9,1
DA:11,1
DA:12,2
LF:3
LH:3
end_of_record
SF:lib/domain/usecases/remove_watchlist.dart
DA:9,1
DA:11,1
DA:12,2
LF:3
LH:3
end_of_record
SF:lib/domain/usecases/get_popular_movies.dart
DA:9,1
DA:11,1
DA:12,2
LF:3
LH:3
end_of_record
SF:lib/domain/usecases/search_movies.dart
DA:9,1
DA:11,1
DA:12,2
LF:3
LH:3
end_of_record
SF:lib/domain/usecases/get_watchlist_status.dart
DA:6,1
DA:8,1
DA:9,2
LF:3
LH:3
end_of_record
SF:lib/common/analytics_service.dart
DA:9,0
DA:12,0
DA:15,0
DA:16,0
DA:19,0
DA:23,0
DA:30,0
DA:34,0
DA:36,0
DA:37,0
DA:38,0
DA:44,0
DA:48,0
DA:50,0
DA:51,0
DA:52,0
DA:58,0
DA:62,0
DA:64,0
DA:65,0
DA:66,0
DA:72,0
DA:76,0
DA:78,0
DA:79,0
DA:80,0
DA:86,0
DA:90,0
DA:92,0
DA:93,0
DA:94,0
DA:100,0
DA:104,0
DA:106,0
DA:107,0
DA:108,0
DA:114,0
DA:118,0
DA:121,0
DA:123,0
DA:124,0
DA:125,0
DA:131,0
DA:132,0
DA:136,0
DA:137,0
DA:141,0
DA:142,0
DA:146,0
DA:147,0
DA:151,0
DA:154,0
DA:156,0
DA:157,0
DA:163,0
DA:167,0
DA:174,0
DA:178,0
DA:182,0
DA:183,0
LF:60
LH:0
end_of_record
SF:lib/injection.dart
DA:43,18
DA:45,0
DA:47,0
DA:48,0
DA:49,0
DA:50,0
DA:51,0
DA:54,0
DA:55,0
DA:56,0
DA:57,0
DA:58,0
DA:59,0
DA:60,0
DA:63,0
DA:64,0
DA:65,0
DA:68,0
DA:69,0
DA:70,0
DA:75,0
DA:76,0
DA:77,0
DA:78,0
DA:79,0
DA:82,0
DA:83,0
DA:84,0
DA:85,0
DA:86,0
DA:87,0
DA:88,0
DA:91,0
DA:92,0
DA:93,0
DA:96,0
DA:97,0
DA:98,0
DA:103,0
DA:104,0
DA:105,0
DA:106,0
DA:107,0
DA:108,0
DA:109,0
DA:110,0
DA:111,0
DA:112,0
DA:115,0
DA:116,0
DA:117,0
DA:118,0
DA:119,0
DA:120,0
DA:121,0
DA:122,0
DA:123,0
DA:124,0
DA:127,0
DA:128,0
DA:129,0
DA:130,0
DA:133,0
DA:134,0
DA:135,0
DA:136,0
DA:141,0
DA:142,0
DA:143,0
DA:144,0
DA:145,0
DA:146,0
DA:147,0
DA:148,0
DA:151,0
DA:154,0
DA:155,0
DA:156,0
DA:160,0
LF:79
LH:1
end_of_record
SF:lib/presentation/bloc/movie/movie_list_bloc.dart
DA:13,1
DA:17,2
DA:18,2
DA:19,2
DA:20,2
DA:27,1
DA:31,3
DA:33,2
DA:34,1
DA:35,2
DA:36,2
DA:38,1
DA:41,2
DA:42,2
DA:51,1
DA:55,3
DA:57,2
DA:58,1
DA:59,0
DA:60,0
DA:62,0
DA:65,2
DA:66,2
DA:75,1
DA:79,3
DA:81,2
DA:82,1
DA:83,0
DA:84,0
DA:86,0
DA:89,2
DA:90,2
LF:32
LH:26
end_of_record
SF:lib/presentation/bloc/movie/movie_list_event.dart
DA:4,1
DA:5,1
LF:2
LH:2
end_of_record
SF:lib/presentation/bloc/movie/movie_list_state.dart
DA:4,17
DA:14,3
DA:32,3
DA:41,3
DA:42,3
DA:43,3
DA:44,3
DA:45,2
DA:46,3
DA:47,2
DA:48,3
DA:52,1
DA:53,1
DA:54,1
DA:55,1
DA:56,1
DA:57,1
DA:58,1
DA:59,1
DA:60,1
LF:20
LH:20
end_of_record
SF:lib/presentation/pages/movie/top_rated_movies_page.dart
DA:12,1
DA:13,1
DA:17,1
DA:19,1
DA:21,3
DA:22,3
DA:24,1
DA:25,5
DA:29,1
DA:31,1
DA:32,1
DA:33,1
DA:35,1
DA:37,1
DA:38,1
DA:39,2
DA:40,1
DA:41,1
DA:43,2
DA:44,1
DA:45,0
DA:46,0
DA:47,0
DA:49,2
DA:52,1
DA:53,1
DA:54,2
LF:27
LH:24
end_of_record
SF:lib/domain/usecases/tv_series/get_watchlist_tv_series_status.dart
DA:6,0
DA:8,0
DA:9,0
LF:3
LH:0
end_of_record
SF:lib/presentation/bloc/movie/movie_detail_event.dart
DA:4,0
DA:5,0
DA:9,1
DA:13,0
DA:14,0
DA:18,0
DA:22,0
DA:23,0
DA:27,1
DA:31,0
DA:32,0
DA:36,0
DA:40,0
DA:41,0
LF:14
LH:2
end_of_record
SF:lib/presentation/bloc/movie/movie_detail_state.dart
DA:4,16
DA:14,2
DA:32,2
DA:41,2
DA:42,2
DA:43,2
DA:44,2
DA:45,2
DA:46,2
DA:47,2
DA:48,2
DA:52,1
DA:53,1
DA:54,1
DA:55,1
DA:56,1
DA:57,1
DA:58,1
DA:59,1
DA:60,1
LF:20
LH:20
end_of_record
SF:lib/presentation/bloc/movie/movie_detail_bloc.dart
DA:19,1
DA:25,2
DA:26,2
DA:27,2
DA:28,2
DA:29,2
DA:38,1
DA:42,1
DA:43,2
DA:49,3
DA:50,3
DA:52,1
DA:53,1
DA:54,1
DA:55,2
DA:57,1
DA:61,1
DA:62,1
DA:63,2
DA:70,1
DA:71,0
DA:72,0
DA:74,0
DA:77,2
DA:78,2
DA:89,0
DA:93,0
DA:94,0
DA:97,0
DA:101,0
DA:102,0
DA:103,0
DA:104,0
DA:106,0
DA:107,0
DA:108,0
DA:115,0
DA:116,0
DA:119,0
DA:123,0
DA:124,0
DA:125,0
DA:126,0
DA:128,0
DA:129,0
DA:130,0
DA:137,0
DA:138,0
LF:48
LH:22
end_of_record
SF:lib/presentation/bloc/movie/movie_search_state.dart
DA:4,15
DA:10,1
DA:20,1
DA:25,1
DA:26,0
DA:27,1
DA:28,1
DA:32,1
DA:33,4
LF:9
LH:8
end_of_record
SF:lib/presentation/bloc/movie/movie_search_bloc.dart
DA:11,1
DA:12,2
DA:13,2
DA:18,1
DA:22,3
DA:24,3
DA:25,1
DA:26,2
DA:27,2
DA:29,1
DA:32,2
DA:33,2
LF:12
LH:12
end_of_record
SF:lib/presentation/bloc/movie/movie_search_event.dart
DA:4,0
DA:5,0
DA:9,1
DA:13,0
DA:14,0
LF:5
LH:1
end_of_record
SF:lib/presentation/bloc/movie/watchlist_movie_bloc.dart
DA:12,1
DA:13,2
DA:14,2
DA:19,1
DA:23,3
DA:25,2
DA:26,1
DA:27,2
DA:28,2
DA:30,1
DA:33,2
DA:34,2
LF:12
LH:12
end_of_record
SF:lib/presentation/bloc/movie/watchlist_movie_event.dart
DA:4,0
DA:5,0
LF:2
LH:0
end_of_record
SF:lib/presentation/bloc/movie/watchlist_movie_state.dart
DA:4,15
DA:10,1
DA:20,1
DA:25,1
DA:26,1
DA:27,0
DA:28,1
DA:32,1
DA:33,4
LF:9
LH:8
end_of_record
SF:lib/presentation/bloc/tv_series/tv_series_detail_event.dart
DA:4,0
DA:5,0
DA:9,1
DA:13,0
DA:14,0
DA:18,1
DA:22,0
DA:23,0
DA:27,2
DA:31,0
DA:32,0
DA:36,1
DA:40,0
DA:41,0
LF:14
LH:4
end_of_record
SF:lib/presentation/bloc/tv_series/tv_series_detail_bloc.dart
DA:20,1
DA:26,2
DA:27,2
DA:28,2
DA:29,2
DA:30,2
DA:39,1
DA:43,1
DA:44,2
DA:50,3
DA:52,3
DA:54,1
DA:55,1
DA:56,1
DA:57,2
DA:59,1
DA:63,1
DA:64,1
DA:65,2
DA:72,1
DA:73,0
DA:74,0
DA:76,0
DA:79,2
DA:80,2
DA:91,1
DA:95,3
DA:96,3
DA:99,1
DA:103,3
DA:104,1
DA:105,0
DA:106,0
DA:108,1
DA:109,1
DA:110,2
DA:117,4
DA:118,3
DA:121,1
DA:125,3
DA:126,1
DA:127,0
DA:128,0
DA:130,1
DA:131,1
DA:132,2
DA:139,4
DA:140,3
LF:48
LH:41
end_of_record
SF:lib/presentation/bloc/tv_series/tv_series_detail_state.dart
DA:4,16
DA:14,2
DA:32,2
DA:41,2
DA:42,2
DA:43,2
DA:44,2
DA:45,2
DA:46,2
DA:47,2
DA:48,2
DA:52,1
DA:53,1
DA:54,1
DA:55,1
DA:56,1
DA:57,1
DA:58,1
DA:59,1
DA:60,1
LF:20
LH:20
end_of_record
SF:lib/presentation/bloc/tv_series/tv_series_list_event.dart
DA:4,1
DA:5,1
LF:2
LH:2
end_of_record
SF:lib/presentation/bloc/tv_series/tv_series_list_bloc.dart
DA:13,1
DA:17,2
DA:18,2
DA:19,2
DA:20,2
DA:27,1
DA:31,3
DA:33,2
DA:34,1
DA:35,2
DA:36,2
DA:38,1
DA:41,2
DA:42,2
DA:51,1
DA:55,3
DA:57,2
DA:58,1
DA:59,0
DA:60,0
DA:62,0
DA:65,2
DA:66,2
DA:75,1
DA:79,3
DA:81,2
DA:82,1
DA:83,0
DA:84,0
DA:86,0
DA:89,2
DA:90,2
LF:32
LH:26
end_of_record
SF:lib/presentation/bloc/tv_series/tv_series_list_state.dart
DA:4,17
DA:14,3
DA:32,3
DA:41,3
DA:42,3
DA:43,3
DA:44,3
DA:45,2
DA:46,3
DA:47,2
DA:48,3
DA:52,1
DA:53,1
DA:54,1
DA:55,1
DA:56,1
DA:57,1
DA:58,1
DA:59,1
DA:60,1
LF:20
LH:20
end_of_record
SF:lib/presentation/bloc/tv_series/tv_series_search_state.dart
DA:4,15
DA:10,1
DA:20,1
DA:25,1
DA:26,0
DA:27,1
DA:28,1
DA:32,1
DA:33,4
LF:9
LH:8
end_of_record
SF:lib/presentation/bloc/tv_series/tv_series_search_event.dart
DA:4,0
DA:5,0
DA:9,1
DA:13,0
DA:14,0
LF:5
LH:1
end_of_record
SF:lib/presentation/bloc/tv_series/tv_series_search_bloc.dart
DA:12,1
DA:13,2
DA:14,2
DA:19,1
DA:23,3
DA:25,3
DA:26,1
DA:27,2
DA:28,2
DA:30,1
DA:33,2
DA:34,2
LF:12
LH:12
end_of_record
SF:lib/presentation/bloc/tv_series/watchlist_tv_series_state.dart
DA:4,15
DA:10,1
DA:20,1
DA:25,1
DA:26,1
DA:27,0
DA:28,1
DA:32,1
DA:33,4
LF:9
LH:8
end_of_record
SF:lib/presentation/bloc/tv_series/watchlist_tv_series_event.dart
DA:4,0
DA:5,0
LF:2
LH:0
end_of_record
SF:lib/presentation/bloc/tv_series/watchlist_tv_series_bloc.dart
DA:12,1
DA:13,2
DA:14,2
DA:19,1
DA:23,3
DA:25,2
DA:26,1
DA:27,2
DA:28,2
DA:30,1
DA:33,2
DA:34,2
LF:12
LH:12
end_of_record
SF:lib/presentation/pages/movie/movie_detail_page.dart
DA:19,1
DA:21,1
DA:22,1
DA:26,1
DA:28,1
DA:30,3
DA:31,3
DA:38,1
DA:40,1
DA:41,1
DA:42,1
DA:43,3
DA:44,0
DA:45,3
DA:46,2
DA:47,1
DA:49,3
DA:50,3
DA:51,2
DA:52,2
DA:57,1
DA:58,1
DA:59,1
DA:60,3
DA:61,2
DA:62,2
DA:65,1
DA:66,3
DA:67,1
DA:68,0
DA:69,0
DA:70,0
DA:71,0
DA:74,0
DA:75,0
DA:76,1
DA:77,1
DA:79,3
DA:83,1
DA:84,2
DA:85,0
DA:86,0
DA:88,2
DA:89,1
DA:90,1
DA:91,1
DA:92,1
DA:93,1
DA:94,1
DA:98,0
DA:111,1
DA:113,1
DA:115,3
DA:116,1
DA:117,1
DA:118,1
DA:119,3
DA:121,2
DA:122,1
DA:124,0
DA:126,1
DA:128,1
DA:129,1
DA:130,1
DA:131,1
DA:133,2
DA:140,1
DA:141,1
DA:142,1
DA:144,1
DA:146,1
DA:148,1
DA:149,1
DA:150,2
DA:151,1
DA:153,1
DA:154,1
DA:155,1
DA:157,1
DA:158,3
DA:161,0
DA:162,0
DA:165,1
DA:167,1
DA:168,1
DA:169,1
DA:170,1
DA:171,1
DA:175,1
DA:176,3
DA:178,1
DA:179,3
DA:181,1
DA:182,1
DA:183,1
DA:184,3
DA:186,2
DA:192,4
DA:195,1
DA:196,1
DA:198,1
DA:200,1
DA:201,2
DA:203,1
DA:204,1
DA:206,1
DA:208,1
DA:209,1
DA:210,2
DA:212,0
DA:213,0
DA:215,2
DA:217,0
DA:218,2
DA:220,1
DA:222,1
DA:224,0
DA:225,0
DA:226,0
DA:228,0
DA:229,0
DA:230,0
DA:233,0
DA:236,0
DA:237,0
DA:238,0
DA:240,0
DA:242,0
DA:243,0
DA:244,0
DA:246,0
DA:249,0
DA:250,0
DA:256,2
DA:260,0
DA:268,1
DA:270,1
DA:285,1
DA:287,1
DA:290,1
DA:291,1
DA:292,0
DA:293,0
DA:302,1
DA:303,5
DA:306,1
DA:307,1
DA:308,1
DA:310,1
DA:311,1
DA:313,0
LF:151
LH:114
end_of_record
SF:lib/presentation/widgets/movie_card_list.dart
DA:10,1
DA:12,1
DA:14,1
DA:16,1
DA:17,0
DA:18,0
DA:21,0
DA:24,1
DA:26,1
DA:27,1
DA:28,1
DA:34,1
DA:36,1
DA:37,1
DA:38,2
DA:41,1
DA:43,1
DA:44,1
DA:45,2
DA:53,1
DA:58,1
DA:59,1
DA:60,3
DA:62,2
DA:63,1
DA:65,0
DA:67,2
LF:27
LH:23
end_of_record
SF:lib/presentation/pages/movie/popular_movies_page.dart
DA:12,1
DA:13,1
DA:17,1
DA:19,1
DA:21,3
DA:22,3
DA:24,1
DA:25,5
DA:29,1
DA:31,1
DA:32,1
DA:33,1
DA:35,1
DA:37,1
DA:38,1
DA:39,2
DA:40,2
DA:41,2
DA:42,1
DA:43,1
DA:44,2
DA:45,1
DA:47,2
DA:50,1
DA:51,1
DA:52,2
LF:26
LH:26
end_of_record
SF:lib/presentation/pages/tv_series/top_rated_tv_series_page.dart
DA:12,1
DA:14,1
DA:15,1
DA:19,1
DA:21,1
DA:23,3
DA:24,3
DA:26,1
DA:27,5
DA:31,1
DA:33,1
DA:34,1
DA:35,1
DA:37,1
DA:39,1
DA:40,1
DA:41,2
DA:42,1
DA:43,1
DA:45,2
DA:46,1
DA:47,0
DA:48,0
DA:49,0
DA:51,2
DA:54,1
DA:55,1
DA:56,2
LF:28
LH:25
end_of_record
SF:lib/presentation/widgets/tv_series_card_list.dart
DA:10,1
DA:12,1
DA:14,1
DA:16,1
DA:17,0
DA:18,0
DA:21,0
DA:24,1
DA:26,1
DA:27,1
DA:28,1
DA:34,1
DA:36,1
DA:37,1
DA:38,2
DA:41,1
DA:43,1
DA:44,1
DA:45,2
DA:53,1
DA:58,1
DA:59,1
DA:60,3
DA:62,2
DA:63,1
DA:65,0
DA:67,2
LF:27
LH:23
end_of_record
SF:lib/presentation/pages/tv_series/tv_series_detail_page.dart
DA:18,1
DA:20,1
DA:21,1
DA:25,1
DA:27,1
DA:29,3
DA:30,3
DA:37,1
DA:39,1
DA:40,1
DA:41,1
DA:42,3
DA:43,0
DA:44,3
DA:45,2
DA:46,1
DA:48,2
DA:49,1
DA:50,3
DA:51,2
DA:52,2
DA:57,1
DA:58,1
DA:59,1
DA:60,3
DA:61,2
DA:62,2
DA:65,1
DA:66,3
DA:67,1
DA:68,0
DA:69,0
DA:70,0
DA:71,0
DA:74,0
DA:75,0
DA:76,1
DA:77,1
DA:79,3
DA:83,1
DA:84,2
DA:85,0
DA:86,0
DA:88,2
DA:89,1
DA:90,1
DA:91,1
DA:92,1
DA:94,1
DA:95,1
DA:99,0
DA:112,1
DA:114,1
DA:116,3
DA:117,1
DA:118,1
DA:119,1
DA:120,3
DA:122,2
DA:123,1
DA:125,0
DA:127,1
DA:129,1
DA:130,1
DA:131,1
DA:132,1
DA:134,2
DA:141,1
DA:142,1
DA:143,1
DA:145,1
DA:147,1
DA:149,1
DA:150,1
DA:151,2
DA:152,1
DA:154,1
DA:155,1
DA:156,1
DA:158,1
DA:159,3
DA:162,0
DA:163,0
DA:166,1
DA:168,1
DA:169,1
DA:170,1
DA:171,1
DA:172,1
DA:176,1
DA:177,1
DA:178,1
DA:179,2
DA:181,2
DA:187,1
DA:188,4
DA:191,1
DA:192,1
DA:194,1
DA:196,1
DA:197,2
DA:199,1
DA:200,1
DA:202,1
DA:204,1
DA:209,1
DA:211,1
DA:226,1
DA:228,1
DA:231,1
DA:232,1
DA:233,0
DA:234,0
DA:243,1
DA:244,1
DA:245,1
DA:246,2
DA:247,0
DA:248,0
DA:250,2
DA:251,0
DA:252,2
DA:253,1
DA:255,1
DA:257,0
DA:258,0
DA:259,0
DA:261,0
DA:262,0
DA:263,0
DA:266,0
DA:269,0
DA:270,0
DA:271,0
DA:273,0
DA:275,0
DA:276,0
DA:277,0
DA:279,0
DA:285,2
DA:289,0
LF:141
LH:107
end_of_record
SF:lib/presentation/pages/tv_series/popular_tv_series_page.dart
DA:11,1
DA:13,1
DA:14,1
DA:18,1
DA:20,1
DA:22,3
DA:23,3
DA:25,1
DA:26,5
DA:30,1
DA:32,1
DA:33,1
DA:34,1
DA:36,1
DA:38,1
DA:39,1
DA:40,2
DA:41,1
DA:42,1
DA:44,2
DA:45,1
DA:46,1
DA:47,2
DA:48,1
DA:50,2
DA:53,1
DA:54,1
DA:55,2
LF:28
LH:28
end_of_record
